CRITICAL - 2024-02-12 09:24:43 --> CodeIgniter\Exceptions\FrameworkException: The framework needs the following extension(s) installed and loaded: intl.
in SYSTEMPATH\CodeIgniter.php on line 252.
 1 SYSTEMPATH\CodeIgniter.php(252): CodeIgniter\Exceptions\FrameworkException::forMissingExtension('intl')
 2 SYSTEMPATH\CodeIgniter.php(214): CodeIgniter\CodeIgniter->resolvePlatformExtensions()
 3 FCPATH\index.php(67): CodeIgniter\CodeIgniter->initialize()
CRITICAL - 2024-02-12 12:02:50 --> CodeIgniter\View\Exceptions\ViewException: Invalid file: "creativehomes/apartment.html"
in SYSTEMPATH\Exceptions\FrameworkException.php on line 39.
 1 SYSTEMPATH\View\View.php(216): CodeIgniter\Exceptions\FrameworkException::forInvalidFile('creativehomes/apartment.html')
 2 SYSTEMPATH\Common.php(1178): CodeIgniter\View\View->render('creativehomes/apartment.html', [], true)
 3 APPPATH\Controllers\Apartments.php(9): view('creativehomes/apartment.html')
 4 SYSTEMPATH\CodeIgniter.php(941): App\Controllers\Apartments->apartment()
 5 SYSTEMPATH\CodeIgniter.php(502): CodeIgniter\CodeIgniter->runController(Object(App\Controllers\Apartments))
 6 SYSTEMPATH\CodeIgniter.php(361): CodeIgniter\CodeIgniter->handleRequest(null, Object(Config\Cache), false)
 7 FCPATH\index.php(79): CodeIgniter\CodeIgniter->run()
CRITICAL - 2024-02-12 12:29:38 --> CodeIgniter\View\Exceptions\ViewException: Invalid file: "creativehomes/premium_apartment.html"
in SYSTEMPATH\Exceptions\FrameworkException.php on line 39.
 1 SYSTEMPATH\View\View.php(216): CodeIgniter\Exceptions\FrameworkException::forInvalidFile('creativehomes/premium_apartment.html')
 2 SYSTEMPATH\Common.php(1178): CodeIgniter\View\View->render('creativehomes/premium_apartment.html', [], true)
 3 APPPATH\Controllers\Apartments.php(9): view('creativehomes/premium_apartment.html')
 4 SYSTEMPATH\CodeIgniter.php(941): App\Controllers\Apartments->premium_apartment()
 5 SYSTEMPATH\CodeIgniter.php(502): CodeIgniter\CodeIgniter->runController(Object(App\Controllers\Apartments))
 6 SYSTEMPATH\CodeIgniter.php(361): CodeIgniter\CodeIgniter->handleRequest(null, Object(Config\Cache), false)
 7 FCPATH\index.php(79): CodeIgniter\CodeIgniter->run()
CRITICAL - 2024-02-12 12:29:54 --> CodeIgniter\View\Exceptions\ViewException: Invalid file: "creativehomes/premium_apartment.html"
in SYSTEMPATH\Exceptions\FrameworkException.php on line 39.
 1 SYSTEMPATH\View\View.php(216): CodeIgniter\Exceptions\FrameworkException::forInvalidFile('creativehomes/premium_apartment.html')
 2 SYSTEMPATH\Common.php(1178): CodeIgniter\View\View->render('creativehomes/premium_apartment.html', [], true)
 3 APPPATH\Controllers\Apartments.php(9): view('creativehomes/premium_apartment.html')
 4 SYSTEMPATH\CodeIgniter.php(941): App\Controllers\Apartments->premium_apartment()
 5 SYSTEMPATH\CodeIgniter.php(502): CodeIgniter\CodeIgniter->runController(Object(App\Controllers\Apartments))
 6 SYSTEMPATH\CodeIgniter.php(361): CodeIgniter\CodeIgniter->handleRequest(null, Object(Config\Cache), false)
 7 FCPATH\index.php(79): CodeIgniter\CodeIgniter->run()
CRITICAL - 2024-02-12 12:29:58 --> CodeIgniter\View\Exceptions\ViewException: Invalid file: "creativehomes/premium_apartment.html"
in SYSTEMPATH\Exceptions\FrameworkException.php on line 39.
 1 SYSTEMPATH\View\View.php(216): CodeIgniter\Exceptions\FrameworkException::forInvalidFile('creativehomes/premium_apartment.html')
 2 SYSTEMPATH\Common.php(1178): CodeIgniter\View\View->render('creativehomes/premium_apartment.html', [], true)
 3 APPPATH\Controllers\Apartments.php(9): view('creativehomes/premium_apartment.html')
 4 SYSTEMPATH\CodeIgniter.php(941): App\Controllers\Apartments->premium_apartment()
 5 SYSTEMPATH\CodeIgniter.php(502): CodeIgniter\CodeIgniter->runController(Object(App\Controllers\Apartments))
 6 SYSTEMPATH\CodeIgniter.php(361): CodeIgniter\CodeIgniter->handleRequest(null, Object(Config\Cache), false)
 7 FCPATH\index.php(79): CodeIgniter\CodeIgniter->run()
CRITICAL - 2024-02-12 12:30:07 --> CodeIgniter\View\Exceptions\ViewException: Invalid file: "creativehomes/premium_apartment.html"
in SYSTEMPATH\Exceptions\FrameworkException.php on line 39.
 1 SYSTEMPATH\View\View.php(216): CodeIgniter\Exceptions\FrameworkException::forInvalidFile('creativehomes/premium_apartment.html')
 2 SYSTEMPATH\Common.php(1178): CodeIgniter\View\View->render('creativehomes/premium_apartment.html', [], true)
 3 APPPATH\Controllers\Apartments.php(9): view('creativehomes/premium_apartment.html')
 4 SYSTEMPATH\CodeIgniter.php(941): App\Controllers\Apartments->premium_apartment()
 5 SYSTEMPATH\CodeIgniter.php(502): CodeIgniter\CodeIgniter->runController(Object(App\Controllers\Apartments))
 6 SYSTEMPATH\CodeIgniter.php(361): CodeIgniter\CodeIgniter->handleRequest(null, Object(Config\Cache), false)
 7 FCPATH\index.php(79): CodeIgniter\CodeIgniter->run()
CRITICAL - 2024-02-12 12:30:15 --> CodeIgniter\View\Exceptions\ViewException: Invalid file: "creativehomes/standard_apartment.html"
in SYSTEMPATH\Exceptions\FrameworkException.php on line 39.
 1 SYSTEMPATH\View\View.php(216): CodeIgniter\Exceptions\FrameworkException::forInvalidFile('creativehomes/standard_apartment.html')
 2 SYSTEMPATH\Common.php(1178): CodeIgniter\View\View->render('creativehomes/standard_apartment.html', [], true)
 3 APPPATH\Controllers\Apartments.php(13): view('creativehomes/standard_apartment.html')
 4 SYSTEMPATH\CodeIgniter.php(941): App\Controllers\Apartments->standard_apartment()
 5 SYSTEMPATH\CodeIgniter.php(502): CodeIgniter\CodeIgniter->runController(Object(App\Controllers\Apartments))
 6 SYSTEMPATH\CodeIgniter.php(361): CodeIgniter\CodeIgniter->handleRequest(null, Object(Config\Cache), false)
 7 FCPATH\index.php(79): CodeIgniter\CodeIgniter->run()
CRITICAL - 2024-02-12 12:30:52 --> CodeIgniter\View\Exceptions\ViewException: Invalid file: "creativehomes/standard_apartment.html"
in SYSTEMPATH\Exceptions\FrameworkException.php on line 39.
 1 SYSTEMPATH\View\View.php(216): CodeIgniter\Exceptions\FrameworkException::forInvalidFile('creativehomes/standard_apartment.html')
 2 SYSTEMPATH\Common.php(1178): CodeIgniter\View\View->render('creativehomes/standard_apartment.html', [], true)
 3 APPPATH\Controllers\Apartments.php(13): view('creativehomes/standard_apartment.html')
 4 SYSTEMPATH\CodeIgniter.php(941): App\Controllers\Apartments->standard_apartment()
 5 SYSTEMPATH\CodeIgniter.php(502): CodeIgniter\CodeIgniter->runController(Object(App\Controllers\Apartments))
 6 SYSTEMPATH\CodeIgniter.php(361): CodeIgniter\CodeIgniter->handleRequest(null, Object(Config\Cache), false)
 7 FCPATH\index.php(79): CodeIgniter\CodeIgniter->run()
CRITICAL - 2024-02-12 12:30:58 --> CodeIgniter\View\Exceptions\ViewException: Invalid file: "creativehomes/standard_apartment.html"
in SYSTEMPATH\Exceptions\FrameworkException.php on line 39.
 1 SYSTEMPATH\View\View.php(216): CodeIgniter\Exceptions\FrameworkException::forInvalidFile('creativehomes/standard_apartment.html')
 2 SYSTEMPATH\Common.php(1178): CodeIgniter\View\View->render('creativehomes/standard_apartment.html', [], true)
 3 APPPATH\Controllers\Apartments.php(13): view('creativehomes/standard_apartment.html')
 4 SYSTEMPATH\CodeIgniter.php(941): App\Controllers\Apartments->standard_apartment()
 5 SYSTEMPATH\CodeIgniter.php(502): CodeIgniter\CodeIgniter->runController(Object(App\Controllers\Apartments))
 6 SYSTEMPATH\CodeIgniter.php(361): CodeIgniter\CodeIgniter->handleRequest(null, Object(Config\Cache), false)
 7 FCPATH\index.php(79): CodeIgniter\CodeIgniter->run()
CRITICAL - 2024-02-12 13:09:54 --> CodeIgniter\View\Exceptions\ViewException: Invalid file: "creativehomes/index.html"
in SYSTEMPATH\Exceptions\FrameworkException.php on line 39.
 1 SYSTEMPATH\View\View.php(216): CodeIgniter\Exceptions\FrameworkException::forInvalidFile('creativehomes/index.html')
 2 SYSTEMPATH\Common.php(1178): CodeIgniter\View\View->render('creativehomes/index.html', [], true)
 3 APPPATH\Controllers\Home.php(9): view('creativehomes/index.html')
 4 SYSTEMPATH\CodeIgniter.php(941): App\Controllers\Home->index()
 5 SYSTEMPATH\CodeIgniter.php(502): CodeIgniter\CodeIgniter->runController(Object(App\Controllers\Home))
 6 SYSTEMPATH\CodeIgniter.php(361): CodeIgniter\CodeIgniter->handleRequest(null, Object(Config\Cache), false)
 7 FCPATH\index.php(79): CodeIgniter\CodeIgniter->run()
CRITICAL - 2024-02-12 13:10:09 --> CodeIgniter\View\Exceptions\ViewException: Invalid file: "creativehomes/index.html"
in SYSTEMPATH\Exceptions\FrameworkException.php on line 39.
 1 SYSTEMPATH\View\View.php(216): CodeIgniter\Exceptions\FrameworkException::forInvalidFile('creativehomes/index.html')
 2 SYSTEMPATH\Common.php(1178): CodeIgniter\View\View->render('creativehomes/index.html', [], true)
 3 APPPATH\Controllers\Home.php(9): view('creativehomes/index.html')
 4 SYSTEMPATH\CodeIgniter.php(941): App\Controllers\Home->index()
 5 SYSTEMPATH\CodeIgniter.php(502): CodeIgniter\CodeIgniter->runController(Object(App\Controllers\Home))
 6 SYSTEMPATH\CodeIgniter.php(361): CodeIgniter\CodeIgniter->handleRequest(null, Object(Config\Cache), false)
 7 FCPATH\index.php(79): CodeIgniter\CodeIgniter->run()
CRITICAL - 2024-02-12 13:10:16 --> CodeIgniter\View\Exceptions\ViewException: Invalid file: "creativehomes/index.html"
in SYSTEMPATH\Exceptions\FrameworkException.php on line 39.
 1 SYSTEMPATH\View\View.php(216): CodeIgniter\Exceptions\FrameworkException::forInvalidFile('creativehomes/index.html')
 2 SYSTEMPATH\Common.php(1178): CodeIgniter\View\View->render('creativehomes/index.html', [], true)
 3 APPPATH\Controllers\Home.php(9): view('creativehomes/index.html')
 4 SYSTEMPATH\CodeIgniter.php(941): App\Controllers\Home->index()
 5 SYSTEMPATH\CodeIgniter.php(502): CodeIgniter\CodeIgniter->runController(Object(App\Controllers\Home))
 6 SYSTEMPATH\CodeIgniter.php(361): CodeIgniter\CodeIgniter->handleRequest(null, Object(Config\Cache), false)
 7 FCPATH\index.php(79): CodeIgniter\CodeIgniter->run()
CRITICAL - 2024-02-12 13:10:30 --> CodeIgniter\View\Exceptions\ViewException: Invalid file: "creativehomes/index.html"
in SYSTEMPATH\Exceptions\FrameworkException.php on line 39.
 1 SYSTEMPATH\View\View.php(216): CodeIgniter\Exceptions\FrameworkException::forInvalidFile('creativehomes/index.html')
 2 SYSTEMPATH\Common.php(1178): CodeIgniter\View\View->render('creativehomes/index.html', [], true)
 3 APPPATH\Controllers\Home.php(9): view('creativehomes/index.html')
 4 SYSTEMPATH\CodeIgniter.php(941): App\Controllers\Home->index()
 5 SYSTEMPATH\CodeIgniter.php(502): CodeIgniter\CodeIgniter->runController(Object(App\Controllers\Home))
 6 SYSTEMPATH\CodeIgniter.php(361): CodeIgniter\CodeIgniter->handleRequest(null, Object(Config\Cache), false)
 7 FCPATH\index.php(79): CodeIgniter\CodeIgniter->run()
CRITICAL - 2024-02-12 13:10:34 --> CodeIgniter\View\Exceptions\ViewException: Invalid file: "creativehomes/index.html"
in SYSTEMPATH\Exceptions\FrameworkException.php on line 39.
 1 SYSTEMPATH\View\View.php(216): CodeIgniter\Exceptions\FrameworkException::forInvalidFile('creativehomes/index.html')
 2 SYSTEMPATH\Common.php(1178): CodeIgniter\View\View->render('creativehomes/index.html', [], true)
 3 APPPATH\Controllers\Home.php(9): view('creativehomes/index.html')
 4 SYSTEMPATH\CodeIgniter.php(941): App\Controllers\Home->index()
 5 SYSTEMPATH\CodeIgniter.php(502): CodeIgniter\CodeIgniter->runController(Object(App\Controllers\Home))
 6 SYSTEMPATH\CodeIgniter.php(361): CodeIgniter\CodeIgniter->handleRequest(null, Object(Config\Cache), false)
 7 FCPATH\index.php(79): CodeIgniter\CodeIgniter->run()
CRITICAL - 2024-02-12 13:10:49 --> CodeIgniter\View\Exceptions\ViewException: Invalid file: "creativehomes/index.html"
in SYSTEMPATH\Exceptions\FrameworkException.php on line 39.
 1 SYSTEMPATH\View\View.php(216): CodeIgniter\Exceptions\FrameworkException::forInvalidFile('creativehomes/index.html')
 2 SYSTEMPATH\Common.php(1178): CodeIgniter\View\View->render('creativehomes/index.html', [], true)
 3 APPPATH\Controllers\Home.php(9): view('creativehomes/index.html')
 4 SYSTEMPATH\CodeIgniter.php(941): App\Controllers\Home->index()
 5 SYSTEMPATH\CodeIgniter.php(502): CodeIgniter\CodeIgniter->runController(Object(App\Controllers\Home))
 6 SYSTEMPATH\CodeIgniter.php(361): CodeIgniter\CodeIgniter->handleRequest(null, Object(Config\Cache), false)
 7 FCPATH\index.php(79): CodeIgniter\CodeIgniter->run()
CRITICAL - 2024-02-12 17:49:58 --> CodeIgniter\View\Exceptions\ViewException: Invalid file: "AdminContact/contact.html"
in SYSTEMPATH\Exceptions\FrameworkException.php on line 39.
 1 SYSTEMPATH\View\View.php(216): CodeIgniter\Exceptions\FrameworkException::forInvalidFile('AdminContact/contact.html')
 2 SYSTEMPATH\Common.php(1178): CodeIgniter\View\View->render('AdminContact/contact.html', [], true)
 3 APPPATH\Controllers\AdminContact.php(9): view('AdminContact/contact.html')
 4 SYSTEMPATH\CodeIgniter.php(941): App\Controllers\AdminContact->contactus()
 5 SYSTEMPATH\CodeIgniter.php(502): CodeIgniter\CodeIgniter->runController(Object(App\Controllers\AdminContact))
 6 SYSTEMPATH\CodeIgniter.php(361): CodeIgniter\CodeIgniter->handleRequest(null, Object(Config\Cache), false)
 7 FCPATH\index.php(79): CodeIgniter\CodeIgniter->run()
CRITICAL - 2024-02-12 17:50:06 --> CodeIgniter\View\Exceptions\ViewException: Invalid file: "AdminContact/contact.html"
in SYSTEMPATH\Exceptions\FrameworkException.php on line 39.
 1 SYSTEMPATH\View\View.php(216): CodeIgniter\Exceptions\FrameworkException::forInvalidFile('AdminContact/contact.html')
 2 SYSTEMPATH\Common.php(1178): CodeIgniter\View\View->render('AdminContact/contact.html', [], true)
 3 APPPATH\Controllers\AdminContact.php(9): view('AdminContact/contact.html')
 4 SYSTEMPATH\CodeIgniter.php(941): App\Controllers\AdminContact->contactus()
 5 SYSTEMPATH\CodeIgniter.php(502): CodeIgniter\CodeIgniter->runController(Object(App\Controllers\AdminContact))
 6 SYSTEMPATH\CodeIgniter.php(361): CodeIgniter\CodeIgniter->handleRequest(null, Object(Config\Cache), false)
 7 FCPATH\index.php(79): CodeIgniter\CodeIgniter->run()
